<?xml version="1.0" encoding="UTF-8"?>
<!-- Generated by org.testng.reporters.JUnitXMLReporter -->
<testsuite ignored="0" hostname="ojas-dd406" failures="0" tests="4" name="Default test" time="15.526" errors="0" timestamp="2021-03-19T22:07:36 PDT">
  <testcase classname="helperspackage.BasePage" name="close" time="0.008"/>
  <testcase classname="helperspackage.BasePage" name="launchapp" time="7.445"/>
  <testcase classname="testScripts.SearchHotel" name="loginFunctionality" time="3.481"/>
  <testcase classname="testScripts.SearchHotel" name="sum" time="4.551"/>
</testsuite> <!-- Default test -->
