<?xml version="1.0" encoding="UTF-8"?>
<testng-results ignored="0" total="4" passed="4" failed="0" skipped="0">
  <reporter-output>
    <line>
      <![CDATA[close application]]>
    </line>
    <line>
      <![CDATA[open application]]>
    </line>
    <line>
      <![CDATA[open application]]>
    </line>
  </reporter-output>
  <suite started-at="2021-03-19T22:07:20 PDT" name="Default suite" finished-at="2021-03-19T22:07:36 PDT" duration-ms="15526">
    <groups>
    </groups>
    <test started-at="2021-03-19T22:07:20 PDT" name="Default test" finished-at="2021-03-19T22:07:36 PDT" duration-ms="15526">
      <class name="testScripts.SearchHotel">
        <test-method signature="close()[pri:0, instance:testScripts.SearchHotel@2beee7ff]" started-at="2021-03-19T22:07:20 PDT" name="close" finished-at="2021-03-19T22:07:20 PDT" duration-ms="8" status="PASS">
          <reporter-output>
            <line>
              <![CDATA[close application]]>
            </line>
          </reporter-output>
        </test-method> <!-- close -->
        <test-method signature="launchapp()[pri:0, instance:testScripts.SearchHotel@2beee7ff]" started-at="2021-03-19T22:07:21 PDT" name="launchapp" finished-at="2021-03-19T22:07:28 PDT" duration-ms="7445" status="PASS">
          <reporter-output>
            <line>
              <![CDATA[open application]]>
            </line>
          </reporter-output>
        </test-method> <!-- launchapp -->
        <test-method signature="loginFunctionality()[pri:0, instance:testScripts.SearchHotel@2beee7ff]" started-at="2021-03-19T22:07:28 PDT" name="loginFunctionality" finished-at="2021-03-19T22:07:31 PDT" duration-ms="3481" status="PASS">
          <reporter-output>
          </reporter-output>
        </test-method> <!-- loginFunctionality -->
        <test-method signature="sum()[pri:0, instance:testScripts.SearchHotel@2beee7ff]" started-at="2021-03-19T22:07:31 PDT" name="sum" finished-at="2021-03-19T22:07:36 PDT" duration-ms="4551" status="PASS">
          <reporter-output>
            <line>
              <![CDATA[open application]]>
            </line>
          </reporter-output>
        </test-method> <!-- sum -->
      </class> <!-- testScripts.SearchHotel -->
    </test> <!-- Default test -->
  </suite> <!-- Default suite -->
</testng-results>
